<?xml version="1.0" encoding="UTF-8"?>
<!-- Generated by org.testng.reporters.JUnitReportReporter -->
<testsuite hostname="DESKTOP-VUDSQO6" failures="0" tests="1" name="com.demo.Test" time="19.258" errors="0" timestamp="2023-03-10T15:00:04 IST" skipped="0">
  <testcase classname="com.demo.Test" name="testLoginPage" time="19.258"/>
  <system-out/>
</testsuite> <!-- com.demo.Test -->
