<?xml version="1.0" encoding="UTF-8"?>
<!-- Generated by org.testng.reporters.JUnitReportReporter -->
<testsuite hostname="DESKTOP-VUDSQO6" failures="0" tests="1" name="testng.C" time="0.003" errors="0" timestamp="2023-03-10T14:16:58 IST" skipped="0">
  <testcase classname="testng.C" name="test6" time="0.003"/>
  <system-out/>
</testsuite> <!-- testng.C -->
