<?xml version="1.0" encoding="UTF-8"?>
<!-- Generated by org.testng.reporters.JUnitReportReporter -->
<testsuite hostname="DESKTOP-VUDSQO6" failures="0" tests="1" name="testng.B" time="0.002" errors="0" timestamp="2023-03-10T14:16:58 IST" skipped="0">
  <testcase classname="testng.B" name="test4" time="0.002"/>
  <system-out/>
</testsuite> <!-- testng.B -->
