<?xml version="1.0" encoding="UTF-8"?>
<!-- Generated by org.testng.reporters.JUnitReportReporter -->
<testsuite hostname="DESKTOP-VUDSQO6" failures="0" tests="1" name="testng.DPDemo" time="0.009" errors="0" timestamp="2023-03-10T14:28:05 IST" skipped="0">
  <testcase classname="testng.DPDemo" name="Test" time="0.009"/>
  <system-out/>
</testsuite> <!-- testng.DPDemo -->
