<?xml version="1.0" encoding="UTF-8"?>
<!-- Generated by org.testng.reporters.JUnitReportReporter -->
<testsuite hostname="DESKTOP-VUDSQO6" failures="0" tests="2" name="testng.A" time="0.014" errors="0" timestamp="2023-03-10T14:16:58 IST" skipped="0">
  <testcase classname="testng.A" name="test1" time="0.012"/>
  <system-out/>
  <testcase classname="testng.A" name="test2" time="0.002"/>
  <system-out/>
</testsuite> <!-- testng.A -->
